<?xml version="1.0" encoding="UTF-8"?>
<!-- Generated by org.testng.reporters.JUnitXMLReporter -->
<testsuite ignored="17" hostname="manish" failures="0" tests="7" name="Test" time="27.234" errors="0" timestamp="2025-03-31T18:34:18 IST">
  <testcase classname="HomePage_TestScripts.Home_TestCases" name="Verify_feature_Button1" time="8.759"/>
  <testcase classname="HomePage_TestScripts.Home_TestCases" name="Verify_feature_Button" time="4.387"/>
  <testcase classname="HomePage_TestScripts.Home_TestCases" name="Verify_Plans_Button" time="1.96"/>
  <testcase classname="HomePage_TestScripts.Home_TestCases" name="Verify_Blogs_Button" time="2.009"/>
  <testcase classname="HomePage_TestScripts.Home_TestCases" name="Verify_Join_Game_Button" time="3.397"/>
  <testcase classname="HomePage_TestScripts.Home_TestCases" name="Verify_Math_Game_Button" time="3.228"/>
  <testcase classname="HomePage_TestScripts.Home_TestCases" name="Verify_Science_Game_Button" time="3.388"/>
  <testcase classname="HomePage_TestScripts.Home_TestCases" name="Verify_IntractiveChoice_Image_Visible" time="0.0">
    <ignored/>
  </testcase> <!-- Verify_IntractiveChoice_Image_Visible -->
  <testcase classname="HomePage_TestScripts.Home_TestCases" name="Verify_English_Game_Button" time="0.0">
    <ignored/>
  </testcase> <!-- Verify_English_Game_Button -->
  <testcase classname="HomePage_TestScripts.Home_TestCases" name="Verify_Support_Button" time="0.0">
    <ignored/>
  </testcase> <!-- Verify_Support_Button -->
  <testcase classname="HomePage_TestScripts.Home_TestCases" name="Verify_QuestionBank_Image_Visible" time="0.0">
    <ignored/>
  </testcase> <!-- Verify_QuestionBank_Image_Visible -->
  <testcase classname="HomePage_TestScripts.Home_TestCases" name="Verify_PlayDemoGame_button" time="0.0">
    <ignored/>
  </testcase> <!-- Verify_PlayDemoGame_button -->
  <testcase classname="HomePage_TestScripts.Home_TestCases" name="Verify_History_Game_Button" time="0.0">
    <ignored/>
  </testcase> <!-- Verify_History_Game_Button -->
  <testcase classname="HomePage_TestScripts.Home_TestCases" name="Verify_Memory_Style_button" time="0.0">
    <ignored/>
  </testcase> <!-- Verify_Memory_Style_button -->
  <testcase classname="HomePage_TestScripts.Home_TestCases" name="Verify_Make_a_Jeopardy_Game_Button" time="0.0">
    <ignored/>
  </testcase> <!-- Verify_Make_a_Jeopardy_Game_Button -->
  <testcase classname="HomePage_TestScripts.Home_TestCases" name="Verify_QuestionBank_learnMore_Button" time="0.0">
    <ignored/>
  </testcase> <!-- Verify_QuestionBank_learnMore_Button -->
  <testcase classname="HomePage_TestScripts.Home_TestCases" name="Verify_BuzzerMode_Image_Visible" time="0.0">
    <ignored/>
  </testcase> <!-- Verify_BuzzerMode_Image_Visible -->
  <testcase classname="HomePage_TestScripts.Home_TestCases" name="Verify_BuzzerMode_learnMore_Button" time="0.0">
    <ignored/>
  </testcase> <!-- Verify_BuzzerMode_learnMore_Button -->
  <testcase classname="HomePage_TestScripts.Home_TestCases" name="Verify_FAQ_Button" time="0.0">
    <ignored/>
  </testcase> <!-- Verify_FAQ_Button -->
  <testcase classname="HomePage_TestScripts.Home_TestCases" name="Verify_Multiple_choice_button" time="0.0">
    <ignored/>
  </testcase> <!-- Verify_Multiple_choice_button -->
  <testcase classname="HomePage_TestScripts.Home_TestCases" name="Verify_BuzzerMode_Button" time="0.0">
    <ignored/>
  </testcase> <!-- Verify_BuzzerMode_Button -->
  <testcase classname="HomePage_TestScripts.Home_TestCases" name="Verify_AutoGen_LearnMore_button" time="0.0">
    <ignored/>
  </testcase> <!-- Verify_AutoGen_LearnMore_button -->
  <testcase classname="HomePage_TestScripts.Home_TestCases" name="Verify_Get_Started_For_Free_Button" time="0.0">
    <ignored/>
  </testcase> <!-- Verify_Get_Started_For_Free_Button -->
  <testcase classname="HomePage_TestScripts.Home_TestCases" name="Verify_AutoGen_Image_Visible" time="0.0">
    <ignored/>
  </testcase> <!-- Verify_AutoGen_Image_Visible -->
</testsuite> <!-- Test -->
