<?xml version="1.0" encoding="UTF-8"?>
<testng-results ignored="17" total="24" passed="7" failed="0" skipped="0">
  <reporter-output>
  </reporter-output>
  <suite started-at="2025-03-31T14:41:29 IST" name="Suite" finished-at="2025-03-31T14:41:56 IST" duration-ms="27767">
    <groups>
    </groups>
    <test started-at="2025-03-31T14:41:29 IST" name="Test" finished-at="2025-03-31T14:41:56 IST" duration-ms="27767">
      <class name="HomePage_TestScripts.Home_TestCases">
        <test-method signature="Verify_feature_Button1()[pri:0, instance:HomePage_TestScripts.Home_TestCases@1603cd68]" started-at="2025-03-31T14:41:29 IST" name="Verify_feature_Button1" finished-at="2025-03-31T14:41:38 IST" duration-ms="9429" status="PASS">
          <reporter-output>
          </reporter-output>
        </test-method> <!-- Verify_feature_Button1 -->
        <test-method signature="Verify_feature_Button()[pri:0, instance:HomePage_TestScripts.Home_TestCases@1603cd68]" started-at="2025-03-31T14:41:38 IST" name="Verify_feature_Button" finished-at="2025-03-31T14:41:42 IST" duration-ms="4014" status="PASS">
          <reporter-output>
          </reporter-output>
        </test-method> <!-- Verify_feature_Button -->
        <test-method signature="Verify_Plans_Button()[pri:0, instance:HomePage_TestScripts.Home_TestCases@1603cd68]" started-at="2025-03-31T14:41:42 IST" name="Verify_Plans_Button" finished-at="2025-03-31T14:41:44 IST" duration-ms="2271" status="PASS">
          <reporter-output>
          </reporter-output>
        </test-method> <!-- Verify_Plans_Button -->
        <test-method signature="Verify_Blogs_Button()[pri:0, instance:HomePage_TestScripts.Home_TestCases@1603cd68]" started-at="2025-03-31T14:41:44 IST" name="Verify_Blogs_Button" finished-at="2025-03-31T14:41:46 IST" duration-ms="1838" status="PASS">
          <reporter-output>
          </reporter-output>
        </test-method> <!-- Verify_Blogs_Button -->
        <test-method signature="Verify_Join_Game_Button()[pri:0, instance:HomePage_TestScripts.Home_TestCases@1603cd68]" started-at="2025-03-31T14:41:46 IST" name="Verify_Join_Game_Button" finished-at="2025-03-31T14:41:50 IST" duration-ms="3388" status="PASS">
          <reporter-output>
          </reporter-output>
        </test-method> <!-- Verify_Join_Game_Button -->
        <test-method signature="Verify_Math_Game_Button()[pri:0, instance:HomePage_TestScripts.Home_TestCases@1603cd68]" started-at="2025-03-31T14:41:50 IST" name="Verify_Math_Game_Button" finished-at="2025-03-31T14:41:53 IST" duration-ms="3311" status="PASS">
          <reporter-output>
          </reporter-output>
        </test-method> <!-- Verify_Math_Game_Button -->
        <test-method signature="Verify_Science_Game_Button()[pri:0, instance:HomePage_TestScripts.Home_TestCases@1603cd68]" started-at="2025-03-31T14:41:53 IST" name="Verify_Science_Game_Button" finished-at="2025-03-31T14:41:56 IST" duration-ms="3435" status="PASS">
          <reporter-output>
          </reporter-output>
        </test-method> <!-- Verify_Science_Game_Button -->
      </class> <!-- HomePage_TestScripts.Home_TestCases -->
    </test> <!-- Test -->
  </suite> <!-- Suite -->
</testng-results>
